<?xml version="1.0" encoding="UTF-8"?>
<testng-results ignored="0" total="2" passed="2" failed="0" skipped="0">
  <reporter-output>
  </reporter-output>
  <suite started-at="2023-02-15T17:12:42 IST" name="HRM Test Suite" finished-at="2023-02-15T17:12:49 IST" duration-ms="6521">
    <groups>
    </groups>
    <test started-at="2023-02-15T17:12:42 IST" name="Leave today" finished-at="2023-02-15T17:12:46 IST" duration-ms="3563">
      <class name="Testcases.Test_TodayLeave">
        <test-method signature="verifyEmployeeOnLeaveToday()[pri:0, instance:Testcases.Test_TodayLeave@2c1b194a]" started-at="2023-02-15T17:12:42 IST" name="verifyEmployeeOnLeaveToday" finished-at="2023-02-15T17:12:46 IST" duration-ms="3521" status="PASS">
          <reporter-output>
          </reporter-output>
        </test-method> <!-- verifyEmployeeOnLeaveToday -->
      </class> <!-- Testcases.Test_TodayLeave -->
    </test> <!-- Leave today -->
    <test started-at="2023-02-15T17:12:46 IST" name=" User Role Test" finished-at="2023-02-15T17:12:49 IST" duration-ms="2913">
      <class name="Testcases.Test_UserDetail">
        <test-method is-config="true" signature="lanchBrowser()[pri:0, instance:Testcases.Test_UserDetail@2e3967ea]" started-at="2023-02-15T17:12:35 IST" name="lanchBrowser" finished-at="2023-02-15T17:12:42 IST" duration-ms="6845" status="PASS">
          <reporter-output>
          </reporter-output>
        </test-method> <!-- lanchBrowser -->
        <test-method signature="checkUserRole()[pri:0, instance:Testcases.Test_UserDetail@2e3967ea]" started-at="2023-02-15T17:12:46 IST" name="checkUserRole" finished-at="2023-02-15T17:12:49 IST" duration-ms="2911" status="PASS">
          <reporter-output>
          </reporter-output>
        </test-method> <!-- checkUserRole -->
        <test-method is-config="true" signature="closeBrowser()[pri:0, instance:Testcases.Test_UserDetail@2e3967ea]" started-at="2023-02-15T17:12:49 IST" name="closeBrowser" finished-at="2023-02-15T17:12:49 IST" duration-ms="0" status="PASS">
          <reporter-output>
          </reporter-output>
        </test-method> <!-- closeBrowser -->
      </class> <!-- Testcases.Test_UserDetail -->
    </test> <!--  User Role Test -->
  </suite> <!-- HRM Test Suite -->
</testng-results>
