<?xml version="1.0" encoding="UTF-8"?>
<testng-results ignored="0" total="3" passed="3" failed="0" skipped="0">
  <reporter-output>
  </reporter-output>
  <suite started-at="2023-02-16T12:36:44 IST" name="Default suite" finished-at="2023-02-16T12:36:51 IST" duration-ms="6881">
    <groups>
    </groups>
    <test started-at="2023-02-16T12:36:44 IST" name="Default test" finished-at="2023-02-16T12:36:51 IST" duration-ms="6881">
      <class name="ExtentReport.Reports">
        <test-method is-config="true" signature="openBrowser()[pri:0, instance:ExtentReport.Reports@298a5e20]" started-at="2023-02-16T12:36:39 IST" name="openBrowser" finished-at="2023-02-16T12:36:44 IST" duration-ms="5117" status="PASS">
          <reporter-output>
          </reporter-output>
        </test-method> <!-- openBrowser -->
        <test-method signature="openBing()[pri:0, instance:ExtentReport.Reports@298a5e20]" started-at="2023-02-16T12:36:44 IST" name="openBing" finished-at="2023-02-16T12:36:48 IST" duration-ms="4083" status="PASS">
          <reporter-output>
          </reporter-output>
        </test-method> <!-- openBing -->
        <test-method signature="openGoogle()[pri:0, instance:ExtentReport.Reports@298a5e20]" started-at="2023-02-16T12:36:48 IST" name="openGoogle" finished-at="2023-02-16T12:36:50 IST" duration-ms="1743" status="PASS">
          <reporter-output>
          </reporter-output>
        </test-method> <!-- openGoogle -->
        <test-method signature="openYahoo()[pri:0, instance:ExtentReport.Reports@298a5e20]" started-at="2023-02-16T12:36:50 IST" name="openYahoo" finished-at="2023-02-16T12:36:51 IST" duration-ms="948" status="PASS">
          <reporter-output>
          </reporter-output>
        </test-method> <!-- openYahoo -->
        <test-method is-config="true" signature="closeBrowse()[pri:0, instance:ExtentReport.Reports@298a5e20]" started-at="2023-02-16T12:36:51 IST" name="closeBrowse" finished-at="2023-02-16T12:36:52 IST" duration-ms="1162" status="PASS">
          <reporter-output>
          </reporter-output>
        </test-method> <!-- closeBrowse -->
      </class> <!-- ExtentReport.Reports -->
    </test> <!-- Default test -->
  </suite> <!-- Default suite -->
</testng-results>
