<?xml version="1.0" encoding="UTF-8"?>
<!-- Generated by org.testng.reporters.JUnitXMLReporter -->
<testsuite ignored="0" hostname="DESKTOP-02SBHH8" failures="0" tests="15" name="Test" time="24.928" errors="0" timestamp="2023-02-16T12:14:58 IST">
  <testcase classname="TestNG.Annotation_Priority" name="f" time="0.013"/>
  <testcase classname="TestNG.Annotation_Priority" name="print" time="0.016"/>
  <testcase classname="TestNG.Simple_Testng" name="print" time="0.007"/>
  <testcase classname="TestNG.Grouping_Testng" name="Nuts" time="0.005"/>
  <testcase classname="TestNG.Grouping_Testng" name="Nuts2" time="0.009"/>
  <testcase classname="TestNG.Grouping_Testng" name="Seeds" time="0.017"/>
  <testcase classname="TestNG.Grouping_Testng" name="Seeds2" time="0.006"/>
  <testcase classname="TestNG.Grouping_Testng" name="fruits" time="0.008"/>
  <testcase classname="TestNG.Grouping_Testng" name="fruits2" time="0.01"/>
  <testcase classname="TestNG.Grouping_Testng" name="mojito" time="0.012"/>
  <testcase classname="TestNG.Grouping_Testng" name="pizza" time="0.005"/>
  <testcase classname="Exploring_Webdriver.Handling_Popups" name="i_want_to_write_a_step_with_precondition" time="11.352"/>
  <testcase classname="Extend_Reports.Reports" name="openBing" time="6.245"/>
  <testcase classname="Extend_Reports.Reports" name="openGoogle" time="3.121"/>
  <testcase classname="Extend_Reports.Reports" name="openYahoo" time="1.052"/>
</testsuite> <!-- Test -->
