<?xml version="1.0" encoding="UTF-8"?>
<!-- Generated by org.testng.reporters.JUnitXMLReporter -->
<testsuite ignored="0" hostname="DESKTOP-02SBHH8" failures="0" tests="3" name="Default test" time="6.881" errors="0" timestamp="2023-02-16T12:36:51 IST">
  <testcase classname="ExtentReport.Reports" name="openBing" time="4.083"/>
  <testcase classname="ExtentReport.Reports" name="openGoogle" time="1.743"/>
  <testcase classname="ExtentReport.Reports" name="openYahoo" time="0.948"/>
</testsuite> <!-- Default test -->
